[2025-08-11 06:34:20.306][INFO]: === NetworkClient constructor started === [NetworkClient:33]
[2025-08-11 06:34:20.306][INFO]: TCP socket created [NetworkClient:39]
[2025-08-11 06:34:20.306][INFO]: Connection timer created [NetworkClient:44]
[2025-08-11 06:34:20.306][INFO]: Heartbeat timer created [NetworkClient:47]
[2025-08-11 06:34:20.306][INFO]: Reconnect timer created [NetworkClient:51]
[2025-08-11 06:34:20.306][INFO]: Socket signals connected [NetworkClient:60]
[2025-08-11 06:34:20.306][INFO]: Timer signals connected [NetworkClient:65]
[2025-08-11 06:34:20.306][INFO]: Quality monitor and error handler disabled [NetworkClient:70]
[2025-08-11 06:34:20.306][INFO]: SSL configuration disabled [NetworkClient:74]
[2025-08-11 06:34:20.306][INFO]: === NetworkClient constructor completed successfully === [NetworkClient:76]
[2025-08-11 06:34:20.307][INFO]: Attempting to load QML file from: qrc:/Main.qml [qMain:133]
[2025-08-11 06:34:20.424][INFO]: QKChat Client started successfully [qMain:153]
[2025-08-11 06:34:20.424][INFO]: AuthManager initialized with server localhost:8080 (TLS: disabled) [initialize:101]
[2025-08-11 06:34:20.424][INFO]: AuthManager initialized successfully [operator():102]
[2025-08-11 06:34:20.425][WARNING]: DatabaseManager::initialize() called from main thread, this may block UI [initialize:70]
[2025-08-11 06:34:20.425][INFO]: Database connection opened successfully [initialize:77]
[2025-08-11 06:34:20.426][INFO]: Database initialized successfully [operator():61]
[2025-08-11 06:34:20.543][INFO]: Database tables created successfully [operator():84]
[2025-08-11 06:34:20.926][INFO]: AuthManager::connectToServer() called - Host: localhost, Port: 8080, TLS: disabled [connectToServer:109]
[2025-08-11 06:34:20.926][INFO]: Setting auth state to Connecting and calling NetworkClient::connectToServer [connectToServer:122]
[2025-08-11 06:34:20.926][INFO]: Connection state changed to 1 [setConnectionState:527]
[2025-08-11 06:34:20.926][INFO]: Connecting to server localhost:8080 (TLS: disabled) [connectToServer:125]
[2025-08-11 06:34:20.926][INFO]: NetworkClient::connectToServer returned: true [connectToServer:125]
[2025-08-11 06:34:20.926][INFO]: Disconnected from server [onNetworkConnectionStateChanged:342]
[2025-08-11 06:34:20.947][INFO]: === onConnected() called === [onConnected:269]
[2025-08-11 06:34:20.947][INFO]: Connected to server successfully [onConnected:277]
[2025-08-11 06:34:20.947][INFO]: Connection state changed to 2 [setConnectionState:527]
[2025-08-11 06:34:20.947][INFO]: Connected with plain TCP connection [onConnected:287]
[2025-08-11 06:34:20.947][INFO]: === Starting heartbeat timer === [onConnected:290]
[2025-08-11 06:34:20.947][INFO]: Starting heartbeat timer [onConnected:293]
[2025-08-11 06:34:20.947][INFO]: Heartbeat timer started successfully, interval: 30000ms [onConnected:299]
[2025-08-11 06:34:20.947][INFO]: === onConnected() completed successfully === [onConnected:307]
[2025-08-11 06:34:20.947][INFO]: Connected to server [onNetworkConnectionStateChanged:339]
[2025-08-11 06:34:29.127][INFO]: Sent login request for user: admin [sendLoginRequest:174]
[2025-08-11 06:34:29.127][INFO]: Login request sent for user: admin [login:174]
[2025-08-11 06:34:29.144][INFO]: Processing response: requestId=req_1754865269127_1, action=login_response [processJsonResponse:658]
[2025-08-11 06:34:29.144][INFO]: Pending requests count: 1 [processJsonResponse:666]
[2025-08-11 06:34:29.144][INFO]: Pending request: req_1754865269127_1 -> login [processJsonResponse:668]
[2025-08-11 06:34:29.144][INFO]: Found matching request: req_1754865269127_1 -> login [processJsonResponse:674]
[2025-08-11 06:34:29.145][INFO]: Processing login response: success=1, message='登录成功', hasUser=1, hasSessionToken=1 [onLoginResponse:362]
[2025-08-11 06:34:29.146][INFO]: Saved login information cleared [clearSavedLoginInfo:238]
[2025-08-11 06:34:29.146][INFO]: Session created for user: admin [createSession:120]
[2025-08-11 06:34:29.146][INFO]: Login successful for user: admin [onLoginResponse:376]
[2025-08-11 06:34:50.946][INFO]: Processing response: requestId=req_1754865269127_1, action=login_response [processJsonResponse:658]
[2025-08-11 06:34:50.946][INFO]: Pending requests count: 0 [processJsonResponse:666]
[2025-08-11 06:34:50.946][WARNING]: No matching request found for ID: req_1754865269127_1 [processJsonResponse:676]
[2025-08-11 06:34:50.946][WARNING]: Received unknown response: req_1754865269127_1 [processJsonResponse:702]
[2025-08-11 06:34:50.946][INFO]: Processing response: requestId=, action=heartbeat_response [processJsonResponse:658]
[2025-08-11 06:34:50.946][INFO]: Pending requests count: 0 [processJsonResponse:666]
[2025-08-11 06:34:50.946][WARNING]: No matching request found for ID:  [processJsonResponse:676]
[2025-08-11 06:35:20.947][INFO]: Processing response: requestId=req_1754865269127_1, action=login_response [processJsonResponse:658]
[2025-08-11 06:35:20.947][INFO]: Pending requests count: 0 [processJsonResponse:666]
[2025-08-11 06:35:20.947][WARNING]: No matching request found for ID: req_1754865269127_1 [processJsonResponse:676]
[2025-08-11 06:35:20.947][WARNING]: Received unknown response: req_1754865269127_1 [processJsonResponse:702]
[2025-08-11 06:35:20.947][INFO]: Processing response: requestId=, action=heartbeat_response [processJsonResponse:658]
[2025-08-11 06:35:20.947][INFO]: Pending requests count: 0 [processJsonResponse:666]
[2025-08-11 06:35:20.947][WARNING]: No matching request found for ID:  [processJsonResponse:676]
[2025-08-11 06:35:20.947][INFO]: Processing response: requestId=, action=heartbeat_response [processJsonResponse:658]
[2025-08-11 06:35:20.947][INFO]: Pending requests count: 0 [processJsonResponse:666]
[2025-08-11 06:35:20.947][WARNING]: No matching request found for ID:  [processJsonResponse:676]
[2025-08-11 06:35:50.946][INFO]: Processing response: requestId=req_1754865269127_1, action=login_response [processJsonResponse:658]
[2025-08-11 06:35:50.946][INFO]: Pending requests count: 0 [processJsonResponse:666]
[2025-08-11 06:35:50.946][WARNING]: No matching request found for ID: req_1754865269127_1 [processJsonResponse:676]
[2025-08-11 06:35:50.946][WARNING]: Received unknown response: req_1754865269127_1 [processJsonResponse:702]
[2025-08-11 06:35:50.946][INFO]: Processing response: requestId=, action=heartbeat_response [processJsonResponse:658]
[2025-08-11 06:35:50.946][INFO]: Pending requests count: 0 [processJsonResponse:666]
[2025-08-11 06:35:50.946][WARNING]: No matching request found for ID:  [processJsonResponse:676]
[2025-08-11 06:35:50.946][INFO]: Processing response: requestId=, action=heartbeat_response [processJsonResponse:658]
[2025-08-11 06:35:50.946][INFO]: Pending requests count: 0 [processJsonResponse:666]
[2025-08-11 06:35:50.946][WARNING]: No matching request found for ID:  [processJsonResponse:676]
[2025-08-11 06:35:50.946][INFO]: Processing response: requestId=, action=heartbeat_response [processJsonResponse:658]
[2025-08-11 06:35:50.946][INFO]: Pending requests count: 0 [processJsonResponse:666]
[2025-08-11 06:35:50.946][WARNING]: No matching request found for ID:  [processJsonResponse:676]
[2025-08-11 06:36:03.828][INFO]: Disconnecting from server [disconnectFromServer:143]
[2025-08-11 06:36:03.830][INFO]: Connection state changed to 0 [setConnectionState:527]
